# JRE version: Java(TM) SE Runtime Environment (25.0+37) (build 25+37-LTS-3491)
# Java VM: Java HotSpot(TM) 64-Bit Server VM (25+37-LTS-3491, mixed mode, sharing, tiered, compressed oops, compressed class ptrs, g1 gc, windows-amd64)
GC Precious Log:
 CardTable entry size: 512
 Card Set container configuration: InlinePtr #cards 5 size 8 Array Of Cards #cards 10 size 36 Howl #buckets 4 coarsen threshold 1843 Howl Bitmap #cards 512 size 80 coarsen threshold 460 Card regions per heap region 1 cards per card region 2048
 CPUs: 8 total, 8 available
 Memory: 7886M
 Large Page Support: Disabled
 NUMA Support: Disabled
 Compressed Oops: Enabled (32-bit)
 Heap Region Size: 1M
 Heap Min Capacity: 8M
 Heap Initial Capacity: 124M
 Heap Max Capacity: 1972M
 Pre-touch: Disabled
 Parallel Workers: 8
 Concurrent Workers: 2
 Concurrent Refinement Workers: 8
 Periodic GC: Disabled
Heap:
 garbage-first heap   total reserved 2019328K, committed 72704K, used 40562K [0x0000000084c00000, 0x0000000100000000)
  region size 1024K, 14 young (14336K), 5 survivors (5120K)
GC Heap Usage History (20 events):
Event: 0.983 {heap Before GC invocations=0 (full 0):
 garbage-first heap   total reserved 2019328K, committed 129024K, used 51349K [0x0000000084c00000, 0x0000000100000000)
  region size 1024K, 47 young (48128K), 0 survivors (0K)
}
Event: 0.991 {heap After GC invocations=1 (full 0):
 garbage-first heap   total reserved 2019328K, committed 129024K, used 11410K [0x0000000084c00000, 0x0000000100000000)
  region size 1024K, 6 young (6144K), 6 survivors (6144K)
}
Event: 1.643 {heap Before GC invocations=1 (full 0):
 garbage-first heap   total reserved 2019328K, committed 129024K, used 54418K [0x0000000084c00000, 0x0000000100000000)
  region size 1024K, 50 young (51200K), 6 survivors (6144K)
}
Event: 1.654 {heap After GC invocations=2 (full 0):
 garbage-first heap   total reserved 2019328K, committed 129024K, used 16557K [0x0000000084c00000, 0x0000000100000000)
  region size 1024K, 6 young (6144K), 6 survivors (6144K)
}
Event: 2.481 {heap Before GC invocations=3 (full 0):
 garbage-first heap   total reserved 2019328K, committed 61440K, used 59565K [0x0000000084c00000, 0x0000000100000000)
  region size 1024K, 48 young (49152K), 6 survivors (6144K)
}
Event: 2.487 {heap After GC invocations=4 (full 0):
 garbage-first heap   total reserved 2019328K, committed 72704K, used 21098K [0x0000000084c00000, 0x0000000100000000)
  region size 1024K, 5 young (5120K), 5 survivors (5120K)
}
Event: 2.952 {heap Before GC invocations=4 (full 0):
 garbage-first heap   total reserved 2019328K, committed 72704K, used 49770K [0x0000000084c00000, 0x0000000100000000)
  region size 1024K, 34 young (34816K), 5 survivors (5120K)
}
Event: 2.957 {heap After GC invocations=5 (full 0):
 garbage-first heap   total reserved 2019328K, committed 72704K, used 23286K [0x0000000084c00000, 0x0000000100000000)
  region size 1024K, 3 young (3072K), 3 survivors (3072K)
}
Event: 2.972 {heap Before GC invocations=5 (full 0):
 garbage-first heap   total reserved 2019328K, committed 72704K, used 23286K [0x0000000084c00000, 0x0000000100000000)
  region size 1024K, 4 young (4096K), 3 survivors (3072K)
}
Event: 2.974 {heap After GC invocations=6 (full 0):
 garbage-first heap   total reserved 2019328K, committed 72704K, used 23249K [0x0000000084c00000, 0x0000000100000000)
  region size 1024K, 3 young (3072K), 3 survivors (3072K)
}
Event: 4.008 {heap Before GC invocations=7 (full 0):
 garbage-first heap   total reserved 2019328K, committed 72704K, used 56017K [0x0000000084c00000, 0x0000000100000000)
  region size 1024K, 35 young (35840K), 3 survivors (3072K)
}
Event: 4.015 {heap After GC invocations=8 (full 0):
 garbage-first heap   total reserved 2019328K, committed 72704K, used 26121K [0x0000000084c00000, 0x0000000100000000)
  region size 1024K, 5 young (5120K), 5 survivors (5120K)
}
Event: 4.883 {heap Before GC invocations=8 (full 0):
 garbage-first heap   total reserved 2019328K, committed 72704K, used 56841K [0x0000000084c00000, 0x0000000100000000)
  region size 1024K, 36 young (36864K), 5 survivors (5120K)
}
Event: 4.889 {heap After GC invocations=9 (full 0):
 garbage-first heap   total reserved 2019328K, committed 72704K, used 27346K [0x0000000084c00000, 0x0000000100000000)
  region size 1024K, 2 young (2048K), 2 survivors (2048K)
}
Event: 5.073 {heap Before GC invocations=9 (full 0):
 garbage-first heap   total reserved 2019328K, committed 72704K, used 34514K [0x0000000084c00000, 0x0000000100000000)
  region size 1024K, 10 young (10240K), 2 survivors (2048K)
}
Event: 5.076 {heap After GC invocations=10 (full 0):
 garbage-first heap   total reserved 2019328K, committed 72704K, used 27583K [0x0000000084c00000, 0x0000000100000000)
  region size 1024K, 3 young (3072K), 3 survivors (3072K)
}
Event: 5.979 {heap Before GC invocations=11 (full 0):
 garbage-first heap   total reserved 2019328K, committed 72704K, used 60351K [0x0000000084c00000, 0x0000000100000000)
  region size 1024K, 35 young (35840K), 3 survivors (3072K)
}
Event: 5.984 {heap After GC invocations=12 (full 0):
 garbage-first heap   total reserved 2019328K, committed 72704K, used 30258K [0x0000000084c00000, 0x0000000100000000)
  region size 1024K, 5 young (5120K), 5 survivors (5120K)
}
Event: 268.555 {heap Before GC invocations=12 (full 0):
 garbage-first heap   total reserved 2019328K, committed 72704K, used 60978K [0x0000000084c00000, 0x0000000100000000)
  region size 1024K, 36 young (36864K), 5 survivors (5120K)
}
Event: 268.578 {heap After GC invocations=13 (full 0):
 garbage-first heap   total reserved 2019328K, committed 72704K, used 32370K [0x0000000084c00000, 0x0000000100000000)
  region size 1024K, 5 young (5120K), 5 survivors (5120K)
}

