# JRE version: Java(TM) SE Runtime Environment (25.0+37) (build 25+37-LTS-3491)
# Java VM: Java HotSpot(TM) 64-Bit Server VM (25+37-LTS-3491, mixed mode, sharing, tiered, compressed oops, compressed class ptrs, g1 gc, windows-amd64)
GC Precious Log:
 CardTable entry size: 512
 Card Set container configuration: InlinePtr #cards 5 size 8 Array Of Cards #cards 10 size 36 Howl #buckets 4 coarsen threshold 1843 Howl Bitmap #cards 512 size 80 coarsen threshold 460 Card regions per heap region 1 cards per card region 2048
 CPUs: 8 total, 8 available
 Memory: 7886M
 Large Page Support: Disabled
 NUMA Support: Disabled
 Compressed Oops: Enabled (32-bit)
 Heap Region Size: 1M
 Heap Min Capacity: 8M
 Heap Initial Capacity: 124M
 Heap Max Capacity: 1972M
 Pre-touch: Disabled
 Parallel Workers: 8
 Concurrent Workers: 2
 Concurrent Refinement Workers: 8
 Periodic GC: Disabled
Heap:
 garbage-first heap   total reserved 2019328K, committed 71680K, used 38664K [0x0000000084c00000, 0x0000000100000000)
  region size 1024K, 12 young (12288K), 5 survivors (5120K)
GC Heap Usage History (20 events):
Event: 1.363 {heap Before GC invocations=0 (full 0):
 garbage-first heap   total reserved 2019328K, committed 129024K, used 51349K [0x0000000084c00000, 0x0000000100000000)
  region size 1024K, 47 young (48128K), 0 survivors (0K)
}
Event: 1.370 {heap After GC invocations=1 (full 0):
 garbage-first heap   total reserved 2019328K, committed 129024K, used 10620K [0x0000000084c00000, 0x0000000100000000)
  region size 1024K, 6 young (6144K), 6 survivors (6144K)
}
Event: 2.174 {heap Before GC invocations=1 (full 0):
 garbage-first heap   total reserved 2019328K, committed 129024K, used 55676K [0x0000000084c00000, 0x0000000100000000)
  region size 1024K, 51 young (52224K), 6 survivors (6144K)
}
Event: 2.186 {heap After GC invocations=2 (full 0):
 garbage-first heap   total reserved 2019328K, committed 129024K, used 16326K [0x0000000084c00000, 0x0000000100000000)
  region size 1024K, 6 young (6144K), 6 survivors (6144K)
}
Event: 3.302 {heap Before GC invocations=3 (full 0):
 garbage-first heap   total reserved 2019328K, committed 61440K, used 59334K [0x0000000084c00000, 0x0000000100000000)
  region size 1024K, 48 young (49152K), 6 survivors (6144K)
}
Event: 3.309 {heap After GC invocations=4 (full 0):
 garbage-first heap   total reserved 2019328K, committed 71680K, used 20461K [0x0000000084c00000, 0x0000000100000000)
  region size 1024K, 4 young (4096K), 4 survivors (4096K)
}
Event: 4.038 {heap Before GC invocations=4 (full 0):
 garbage-first heap   total reserved 2019328K, committed 71680K, used 49133K [0x0000000084c00000, 0x0000000100000000)
  region size 1024K, 33 young (33792K), 4 survivors (4096K)
}
Event: 4.043 {heap After GC invocations=5 (full 0):
 garbage-first heap   total reserved 2019328K, committed 71680K, used 23043K [0x0000000084c00000, 0x0000000100000000)
  region size 1024K, 3 young (3072K), 3 survivors (3072K)
}
Event: 4.062 {heap Before GC invocations=5 (full 0):
 garbage-first heap   total reserved 2019328K, committed 71680K, used 23043K [0x0000000084c00000, 0x0000000100000000)
  region size 1024K, 4 young (4096K), 3 survivors (3072K)
}
Event: 4.066 {heap After GC invocations=6 (full 0):
 garbage-first heap   total reserved 2019328K, committed 71680K, used 22909K [0x0000000084c00000, 0x0000000100000000)
  region size 1024K, 3 young (3072K), 3 survivors (3072K)
}
Event: 5.355 {heap Before GC invocations=7 (full 0):
 garbage-first heap   total reserved 2019328K, committed 71680K, used 55677K [0x0000000084c00000, 0x0000000100000000)
  region size 1024K, 35 young (35840K), 3 survivors (3072K)
}
Event: 5.366 {heap After GC invocations=8 (full 0):
 garbage-first heap   total reserved 2019328K, committed 71680K, used 26012K [0x0000000084c00000, 0x0000000100000000)
  region size 1024K, 5 young (5120K), 5 survivors (5120K)
}
Event: 6.239 {heap Before GC invocations=8 (full 0):
 garbage-first heap   total reserved 2019328K, committed 71680K, used 56732K [0x0000000084c00000, 0x0000000100000000)
  region size 1024K, 35 young (35840K), 5 survivors (5120K)
}
Event: 6.245 {heap After GC invocations=9 (full 0):
 garbage-first heap   total reserved 2019328K, committed 71680K, used 27785K [0x0000000084c00000, 0x0000000100000000)
  region size 1024K, 2 young (2048K), 2 survivors (2048K)
}
Event: 6.494 {heap Before GC invocations=9 (full 0):
 garbage-first heap   total reserved 2019328K, committed 71680K, used 37001K [0x0000000084c00000, 0x0000000100000000)
  region size 1024K, 12 young (12288K), 2 survivors (2048K)
}
Event: 6.498 {heap After GC invocations=10 (full 0):
 garbage-first heap   total reserved 2019328K, committed 71680K, used 28021K [0x0000000084c00000, 0x0000000100000000)
  region size 1024K, 3 young (3072K), 3 survivors (3072K)
}
Event: 7.466 {heap Before GC invocations=11 (full 0):
 garbage-first heap   total reserved 2019328K, committed 71680K, used 59765K [0x0000000084c00000, 0x0000000100000000)
  region size 1024K, 34 young (34816K), 3 survivors (3072K)
}
Event: 7.472 {heap After GC invocations=12 (full 0):
 garbage-first heap   total reserved 2019328K, committed 71680K, used 30652K [0x0000000084c00000, 0x0000000100000000)
  region size 1024K, 5 young (5120K), 5 survivors (5120K)
}
Event: 5521.660 {heap Before GC invocations=12 (full 0):
 garbage-first heap   total reserved 2019328K, committed 71680K, used 61372K [0x0000000084c00000, 0x0000000100000000)
  region size 1024K, 35 young (35840K), 5 survivors (5120K)
}
Event: 5521.810 {heap After GC invocations=13 (full 0):
 garbage-first heap   total reserved 2019328K, committed 71680K, used 32520K [0x0000000084c00000, 0x0000000100000000)
  region size 1024K, 5 young (5120K), 5 survivors (5120K)
}

